This file contains any messages produced by compilers while
running configure, to aid debugging if configure makes a mistake.

It was created by gsoap configure 2.8, which was
generated by GNU Autoconf 2.61.  Invocation command line was

  $ ./configure 

## --------- ##
## Platform. ##
## --------- ##

hostname = eternus
uname -m = i686
uname -r = 3.2.0-24-generic-pae
uname -s = Linux
uname -v = #39-Ubuntu SMP Mon May 21 18:54:21 UTC 2012

/usr/bin/uname -p = unknown
/bin/uname -X     = unknown

/bin/arch              = unknown
/usr/bin/arch -k       = unknown
/usr/convex/getsysinfo = unknown
/usr/bin/hostinfo      = unknown
/bin/machine           = unknown
/usr/bin/oslevel       = unknown
/bin/universe          = unknown

PATH: /usr/local/sbin
PATH: /usr/local/bin
PATH: /usr/sbin
PATH: /usr/bin
PATH: /sbin
PATH: /bin


## ----------- ##
## Core tests. ##
## ----------- ##

configure:1844: checking for a BSD-compatible install
configure:1900: result: /usr/bin/install -c
configure:1911: checking whether build environment is sane
configure:1954: result: yes
configure:1982: checking for a thread-safe mkdir -p
configure:2021: result: /bin/mkdir -p
configure:2034: checking for gawk
configure:2064: result: no
configure:2034: checking for mawk
configure:2050: found /usr/bin/mawk
configure:2061: result: mawk
configure:2072: checking whether make sets $(MAKE)
configure:2093: result: yes
configure:2288: checking build system type
configure:2306: result: i686-pc-linux-gnu
configure:2328: checking host system type
configure:2343: result: i686-pc-linux-gnu
configure:2371: checking whether make sets $(MAKE)
configure:2392: result: yes
configure:2460: checking for g++
configure:2476: found /usr/bin/g++
configure:2487: result: g++
configure:2518: checking for C++ compiler version
configure:2525: g++ --version >&5
g++ (Ubuntu/Linaro 4.6.3-1ubuntu5) 4.6.3
Copyright (C) 2011 Free Software Foundation, Inc.
This is free software; see the source for copying conditions.  There is NO
warranty; not even for MERCHANTABILITY or FITNESS FOR A PARTICULAR PURPOSE.

configure:2528: $? = 0
configure:2535: g++ -v >&5
Using built-in specs.
COLLECT_GCC=g++
COLLECT_LTO_WRAPPER=/usr/lib/gcc/i686-linux-gnu/4.6/lto-wrapper
Target: i686-linux-gnu
Configured with: ../src/configure -v --with-pkgversion='Ubuntu/Linaro 4.6.3-1ubuntu5' --with-bugurl=file:///usr/share/doc/gcc-4.6/README.Bugs --enable-languages=c,c++,fortran,objc,obj-c++ --prefix=/usr --program-suffix=-4.6 --enable-shared --enable-linker-build-id --with-system-zlib --libexecdir=/usr/lib --without-included-gettext --enable-threads=posix --with-gxx-include-dir=/usr/include/c++/4.6 --libdir=/usr/lib --enable-nls --with-sysroot=/ --enable-clocale=gnu --enable-libstdcxx-debug --enable-libstdcxx-time=yes --enable-gnu-unique-object --enable-plugin --enable-objc-gc --enable-targets=all --disable-werror --with-arch-32=i686 --with-tune=generic --enable-checking=release --build=i686-linux-gnu --host=i686-linux-gnu --target=i686-linux-gnu
Thread model: posix
gcc version 4.6.3 (Ubuntu/Linaro 4.6.3-1ubuntu5) 
configure:2538: $? = 0
configure:2545: g++ -V >&5
g++: error: unrecognized option '-V'
g++: fatal error: no input files
compilation terminated.
configure:2548: $? = 4
configure:2571: checking for C++ compiler default output file name
configure:2598: g++    conftest.cpp  >&5
configure:2601: $? = 0
configure:2639: result: a.out
configure:2656: checking whether the C++ compiler works
configure:2666: ./a.out
configure:2669: $? = 0
configure:2686: result: yes
configure:2693: checking whether we are cross compiling
configure:2695: result: no
configure:2698: checking for suffix of executables
configure:2705: g++ -o conftest    conftest.cpp  >&5
configure:2708: $? = 0
configure:2732: result: 
configure:2738: checking for suffix of object files
configure:2764: g++ -c   conftest.cpp >&5
configure:2767: $? = 0
configure:2790: result: o
configure:2794: checking whether we are using the GNU C++ compiler
configure:2823: g++ -c   conftest.cpp >&5
configure:2829: $? = 0
configure:2846: result: yes
configure:2851: checking whether g++ accepts -g
configure:2881: g++ -c -g  conftest.cpp >&5
configure:2887: $? = 0
configure:2986: result: yes
configure:3020: checking for style of include used by make
configure:3048: result: GNU
configure:3073: checking dependency style of g++
configure:3164: result: gcc3
configure:3227: checking for gcc
configure:3243: found /usr/bin/gcc
configure:3254: result: gcc
configure:3492: checking for C compiler version
configure:3499: gcc --version >&5
gcc (Ubuntu/Linaro 4.6.3-1ubuntu5) 4.6.3
Copyright (C) 2011 Free Software Foundation, Inc.
This is free software; see the source for copying conditions.  There is NO
warranty; not even for MERCHANTABILITY or FITNESS FOR A PARTICULAR PURPOSE.

configure:3502: $? = 0
configure:3509: gcc -v >&5
Using built-in specs.
COLLECT_GCC=gcc
COLLECT_LTO_WRAPPER=/usr/lib/gcc/i686-linux-gnu/4.6/lto-wrapper
Target: i686-linux-gnu
Configured with: ../src/configure -v --with-pkgversion='Ubuntu/Linaro 4.6.3-1ubuntu5' --with-bugurl=file:///usr/share/doc/gcc-4.6/README.Bugs --enable-languages=c,c++,fortran,objc,obj-c++ --prefix=/usr --program-suffix=-4.6 --enable-shared --enable-linker-build-id --with-system-zlib --libexecdir=/usr/lib --without-included-gettext --enable-threads=posix --with-gxx-include-dir=/usr/include/c++/4.6 --libdir=/usr/lib --enable-nls --with-sysroot=/ --enable-clocale=gnu --enable-libstdcxx-debug --enable-libstdcxx-time=yes --enable-gnu-unique-object --enable-plugin --enable-objc-gc --enable-targets=all --disable-werror --with-arch-32=i686 --with-tune=generic --enable-checking=release --build=i686-linux-gnu --host=i686-linux-gnu --target=i686-linux-gnu
Thread model: posix
gcc version 4.6.3 (Ubuntu/Linaro 4.6.3-1ubuntu5) 
configure:3512: $? = 0
configure:3519: gcc -V >&5
gcc: error: unrecognized option '-V'
gcc: fatal error: no input files
compilation terminated.
configure:3522: $? = 4
configure:3525: checking whether we are using the GNU C compiler
configure:3554: gcc -c   conftest.c >&5
configure:3560: $? = 0
configure:3577: result: yes
configure:3582: checking whether gcc accepts -g
configure:3612: gcc -c -g  conftest.c >&5
configure:3618: $? = 0
configure:3717: result: yes
configure:3734: checking for gcc option to accept ISO C89
configure:3808: gcc  -c -g -O2  conftest.c >&5
configure:3814: $? = 0
configure:3837: result: none needed
configure:3857: checking dependency style of gcc
configure:3948: result: gcc3
configure:3964: checking whether gcc and cc understand -c and -o together
configure:3999: gcc -c conftest.c -o conftest2.o >&5
configure:4002: $? = 0
configure:4008: gcc -c conftest.c -o conftest2.o >&5
configure:4011: $? = 0
configure:4022: cc -c conftest.c >&5
configure:4025: $? = 0
configure:4033: cc -c conftest.c -o conftest2.o >&5
configure:4036: $? = 0
configure:4042: cc -c conftest.c -o conftest2.o >&5
configure:4045: $? = 0
configure:4063: result: yes
configure:4094: checking for flex
configure:4124: result: no
configure:4094: checking for lex
configure:4124: result: no
configure:4301: checking for bison
configure:4331: result: no
configure:4301: checking for byacc
configure:4331: result: no
configure:4345: checking how to run the C preprocessor
configure:4385: gcc -E  conftest.c
configure:4391: $? = 0
configure:4422: gcc -E  conftest.c
conftest.c:10:28: fatal error: ac_nonexistent.h: No such file or directory
compilation terminated.
configure:4428: $? = 1
configure: failed program was:
| /* confdefs.h.  */
| #define PACKAGE_NAME "gsoap"
| #define PACKAGE_TARNAME "gsoap"
| #define PACKAGE_VERSION "2.8"
| #define PACKAGE_STRING "gsoap 2.8"
| #define PACKAGE_BUGREPORT ""
| #define PACKAGE "gsoap"
| #define VERSION "2.8"
| /* end confdefs.h.  */
| #include <ac_nonexistent.h>
configure:4461: result: gcc -E
configure:4490: gcc -E  conftest.c
configure:4496: $? = 0
configure:4527: gcc -E  conftest.c
conftest.c:10:28: fatal error: ac_nonexistent.h: No such file or directory
compilation terminated.
configure:4533: $? = 1
configure: failed program was:
| /* confdefs.h.  */
| #define PACKAGE_NAME "gsoap"
| #define PACKAGE_TARNAME "gsoap"
| #define PACKAGE_VERSION "2.8"
| #define PACKAGE_STRING "gsoap 2.8"
| #define PACKAGE_BUGREPORT ""
| #define PACKAGE "gsoap"
| #define VERSION "2.8"
| /* end confdefs.h.  */
| #include <ac_nonexistent.h>
configure:4613: checking for ranlib
configure:4629: found /usr/bin/ranlib
configure:4640: result: ranlib
configure:4667: checking whether ln -s works
configure:4671: result: yes
configure:4682: checking for gawk
configure:4709: result: mawk
configure:4733: checking for a BSD-compatible install
configure:4789: result: /usr/bin/install -c
configure:4867: checking for grep that handles long lines and -e
configure:4941: result: /bin/grep
configure:4946: checking for egrep
configure:5024: result: /bin/grep -E
configure:5029: checking for ANSI C header files
configure:5059: gcc -c -g -O2  conftest.c >&5
configure:5065: $? = 0
configure:5164: gcc -o conftest -g -O2   conftest.c  >&5
configure:5167: $? = 0
configure:5173: ./conftest
configure:5176: $? = 0
configure:5193: result: yes
configure:5217: checking for sys/types.h
configure:5238: gcc -c -g -O2  conftest.c >&5
configure:5244: $? = 0
configure:5260: result: yes
configure:5217: checking for sys/stat.h
configure:5238: gcc -c -g -O2  conftest.c >&5
configure:5244: $? = 0
configure:5260: result: yes
configure:5217: checking for stdlib.h
configure:5238: gcc -c -g -O2  conftest.c >&5
configure:5244: $? = 0
configure:5260: result: yes
configure:5217: checking for string.h
configure:5238: gcc -c -g -O2  conftest.c >&5
configure:5244: $? = 0
configure:5260: result: yes
configure:5217: checking for memory.h
configure:5238: gcc -c -g -O2  conftest.c >&5
configure:5244: $? = 0
configure:5260: result: yes
configure:5217: checking for strings.h
configure:5238: gcc -c -g -O2  conftest.c >&5
configure:5244: $? = 0
configure:5260: result: yes
configure:5217: checking for inttypes.h
configure:5238: gcc -c -g -O2  conftest.c >&5
configure:5244: $? = 0
configure:5260: result: yes
configure:5217: checking for stdint.h
configure:5238: gcc -c -g -O2  conftest.c >&5
configure:5244: $? = 0
configure:5260: result: yes
configure:5217: checking for unistd.h
configure:5238: gcc -c -g -O2  conftest.c >&5
configure:5244: $? = 0
configure:5260: result: yes
configure:5306: checking arpa/inet.h usability
configure:5323: gcc -c -g -O2  conftest.c >&5
configure:5329: $? = 0
configure:5343: result: yes
configure:5347: checking arpa/inet.h presence
configure:5362: gcc -E  conftest.c
configure:5368: $? = 0
configure:5382: result: yes
configure:5410: checking for arpa/inet.h
configure:5418: result: yes
configure:5306: checking xlocale.h usability
configure:5323: gcc -c -g -O2  conftest.c >&5
configure:5329: $? = 0
configure:5343: result: yes
configure:5347: checking xlocale.h presence
configure:5362: gcc -E  conftest.c
configure:5368: $? = 0
configure:5382: result: yes
configure:5410: checking for xlocale.h
configure:5418: result: yes
configure:5306: checking errno.h usability
configure:5323: gcc -c -g -O2  conftest.c >&5
configure:5329: $? = 0
configure:5343: result: yes
configure:5347: checking errno.h presence
configure:5362: gcc -E  conftest.c
configure:5368: $? = 0
configure:5382: result: yes
configure:5410: checking for errno.h
configure:5418: result: yes
configure:5306: checking fcntl.h usability
configure:5323: gcc -c -g -O2  conftest.c >&5
configure:5329: $? = 0
configure:5343: result: yes
configure:5347: checking fcntl.h presence
configure:5362: gcc -E  conftest.c
configure:5368: $? = 0
configure:5382: result: yes
configure:5410: checking for fcntl.h
configure:5418: result: yes
configure:5306: checking limits.h usability
configure:5323: gcc -c -g -O2  conftest.c >&5
configure:5329: $? = 0
configure:5343: result: yes
configure:5347: checking limits.h presence
configure:5362: gcc -E  conftest.c
configure:5368: $? = 0
configure:5382: result: yes
configure:5410: checking for limits.h
configure:5418: result: yes
configure:5306: checking netdb.h usability
configure:5323: gcc -c -g -O2  conftest.c >&5
configure:5329: $? = 0
configure:5343: result: yes
configure:5347: checking netdb.h presence
configure:5362: gcc -E  conftest.c
configure:5368: $? = 0
configure:5382: result: yes
configure:5410: checking for netdb.h
configure:5418: result: yes
configure:5306: checking netinet/in.h usability
configure:5323: gcc -c -g -O2  conftest.c >&5
configure:5329: $? = 0
configure:5343: result: yes
configure:5347: checking netinet/in.h presence
configure:5362: gcc -E  conftest.c
configure:5368: $? = 0
configure:5382: result: yes
configure:5410: checking for netinet/in.h
configure:5418: result: yes
configure:5296: checking for stdlib.h
configure:5302: result: yes
configure:5296: checking for string.h
configure:5302: result: yes
configure:5296: checking for strings.h
configure:5302: result: yes
configure:5296: checking for stdint.h
configure:5302: result: yes
configure:5306: checking sys/socket.h usability
configure:5323: gcc -c -g -O2  conftest.c >&5
configure:5329: $? = 0
configure:5343: result: yes
configure:5347: checking sys/socket.h presence
configure:5362: gcc -E  conftest.c
configure:5368: $? = 0
configure:5382: result: yes
configure:5410: checking for sys/socket.h
configure:5418: result: yes
configure:5296: checking for sys/types.h
configure:5302: result: yes
configure:5306: checking sys/time.h usability
configure:5323: gcc -c -g -O2  conftest.c >&5
configure:5329: $? = 0
configure:5343: result: yes
configure:5347: checking sys/time.h presence
configure:5362: gcc -E  conftest.c
configure:5368: $? = 0
configure:5382: result: yes
configure:5410: checking for sys/time.h
configure:5418: result: yes
configure:5306: checking sys/timeb.h usability
configure:5323: gcc -c -g -O2  conftest.c >&5
configure:5329: $? = 0
configure:5343: result: yes
configure:5347: checking sys/timeb.h presence
configure:5362: gcc -E  conftest.c
configure:5368: $? = 0
configure:5382: result: yes
configure:5410: checking for sys/timeb.h
configure:5418: result: yes
configure:5296: checking for unistd.h
configure:5302: result: yes
configure:5306: checking poll.h usability
configure:5323: gcc -c -g -O2  conftest.c >&5
configure:5329: $? = 0
configure:5343: result: yes
configure:5347: checking poll.h presence
configure:5362: gcc -E  conftest.c
configure:5368: $? = 0
configure:5382: result: yes
configure:5410: checking for poll.h
configure:5418: result: yes
configure:5306: checking openssl/ssl.h usability
configure:5323: gcc -c -g -O2  conftest.c >&5
conftest.c:70:25: fatal error: openssl/ssl.h: No such file or directory
compilation terminated.
configure:5329: $? = 1
configure: failed program was:
| /* confdefs.h.  */
| #define PACKAGE_NAME "gsoap"
| #define PACKAGE_TARNAME "gsoap"
| #define PACKAGE_VERSION "2.8"
| #define PACKAGE_STRING "gsoap 2.8"
| #define PACKAGE_BUGREPORT ""
| #define PACKAGE "gsoap"
| #define VERSION "2.8"
| #define STDC_HEADERS 1
| #define HAVE_SYS_TYPES_H 1
| #define HAVE_SYS_STAT_H 1
| #define HAVE_STDLIB_H 1
| #define HAVE_STRING_H 1
| #define HAVE_MEMORY_H 1
| #define HAVE_STRINGS_H 1
| #define HAVE_INTTYPES_H 1
| #define HAVE_STDINT_H 1
| #define HAVE_UNISTD_H 1
| #define HAVE_ARPA_INET_H 1
| #define HAVE_XLOCALE_H 1
| #define HAVE_ERRNO_H 1
| #define HAVE_FCNTL_H 1
| #define HAVE_LIMITS_H 1
| #define HAVE_NETDB_H 1
| #define HAVE_NETINET_IN_H 1
| #define HAVE_STDLIB_H 1
| #define HAVE_STRING_H 1
| #define HAVE_STRINGS_H 1
| #define HAVE_STDINT_H 1
| #define HAVE_SYS_SOCKET_H 1
| #define HAVE_SYS_TYPES_H 1
| #define HAVE_SYS_TIME_H 1
| #define HAVE_SYS_TIMEB_H 1
| #define HAVE_UNISTD_H 1
| #define HAVE_POLL_H 1
| /* end confdefs.h.  */
| #include <stdio.h>
| #ifdef HAVE_SYS_TYPES_H
| # include <sys/types.h>
| #endif
| #ifdef HAVE_SYS_STAT_H
| # include <sys/stat.h>
| #endif
| #ifdef STDC_HEADERS
| # include <stdlib.h>
| # include <stddef.h>
| #else
| # ifdef HAVE_STDLIB_H
| #  include <stdlib.h>
| # endif
| #endif
| #ifdef HAVE_STRING_H
| # if !defined STDC_HEADERS && defined HAVE_MEMORY_H
| #  include <memory.h>
| # endif
| # include <string.h>
| #endif
| #ifdef HAVE_STRINGS_H
| # include <strings.h>
| #endif
| #ifdef HAVE_INTTYPES_H
| # include <inttypes.h>
| #endif
| #ifdef HAVE_STDINT_H
| # include <stdint.h>
| #endif
| #ifdef HAVE_UNISTD_H
| # include <unistd.h>
| #endif
| #include <openssl/ssl.h>
configure:5343: result: no
configure:5347: checking openssl/ssl.h presence
configure:5362: gcc -E  conftest.c
conftest.c:37:25: fatal error: openssl/ssl.h: No such file or directory
compilation terminated.
configure:5368: $? = 1
configure: failed program was:
| /* confdefs.h.  */
| #define PACKAGE_NAME "gsoap"
| #define PACKAGE_TARNAME "gsoap"
| #define PACKAGE_VERSION "2.8"
| #define PACKAGE_STRING "gsoap 2.8"
| #define PACKAGE_BUGREPORT ""
| #define PACKAGE "gsoap"
| #define VERSION "2.8"
| #define STDC_HEADERS 1
| #define HAVE_SYS_TYPES_H 1
| #define HAVE_SYS_STAT_H 1
| #define HAVE_STDLIB_H 1
| #define HAVE_STRING_H 1
| #define HAVE_MEMORY_H 1
| #define HAVE_STRINGS_H 1
| #define HAVE_INTTYPES_H 1
| #define HAVE_STDINT_H 1
| #define HAVE_UNISTD_H 1
| #define HAVE_ARPA_INET_H 1
| #define HAVE_XLOCALE_H 1
| #define HAVE_ERRNO_H 1
| #define HAVE_FCNTL_H 1
| #define HAVE_LIMITS_H 1
| #define HAVE_NETDB_H 1
| #define HAVE_NETINET_IN_H 1
| #define HAVE_STDLIB_H 1
| #define HAVE_STRING_H 1
| #define HAVE_STRINGS_H 1
| #define HAVE_STDINT_H 1
| #define HAVE_SYS_SOCKET_H 1
| #define HAVE_SYS_TYPES_H 1
| #define HAVE_SYS_TIME_H 1
| #define HAVE_SYS_TIMEB_H 1
| #define HAVE_UNISTD_H 1
| #define HAVE_POLL_H 1
| /* end confdefs.h.  */
| #include <openssl/ssl.h>
configure:5382: result: no
configure:5410: checking for openssl/ssl.h
configure:5418: result: no
configure:5306: checking gnutls/gnutls.h usability
configure:5323: gcc -c -g -O2  conftest.c >&5
conftest.c:70:27: fatal error: gnutls/gnutls.h: No such file or directory
compilation terminated.
configure:5329: $? = 1
configure: failed program was:
| /* confdefs.h.  */
| #define PACKAGE_NAME "gsoap"
| #define PACKAGE_TARNAME "gsoap"
| #define PACKAGE_VERSION "2.8"
| #define PACKAGE_STRING "gsoap 2.8"
| #define PACKAGE_BUGREPORT ""
| #define PACKAGE "gsoap"
| #define VERSION "2.8"
| #define STDC_HEADERS 1
| #define HAVE_SYS_TYPES_H 1
| #define HAVE_SYS_STAT_H 1
| #define HAVE_STDLIB_H 1
| #define HAVE_STRING_H 1
| #define HAVE_MEMORY_H 1
| #define HAVE_STRINGS_H 1
| #define HAVE_INTTYPES_H 1
| #define HAVE_STDINT_H 1
| #define HAVE_UNISTD_H 1
| #define HAVE_ARPA_INET_H 1
| #define HAVE_XLOCALE_H 1
| #define HAVE_ERRNO_H 1
| #define HAVE_FCNTL_H 1
| #define HAVE_LIMITS_H 1
| #define HAVE_NETDB_H 1
| #define HAVE_NETINET_IN_H 1
| #define HAVE_STDLIB_H 1
| #define HAVE_STRING_H 1
| #define HAVE_STRINGS_H 1
| #define HAVE_STDINT_H 1
| #define HAVE_SYS_SOCKET_H 1
| #define HAVE_SYS_TYPES_H 1
| #define HAVE_SYS_TIME_H 1
| #define HAVE_SYS_TIMEB_H 1
| #define HAVE_UNISTD_H 1
| #define HAVE_POLL_H 1
| /* end confdefs.h.  */
| #include <stdio.h>
| #ifdef HAVE_SYS_TYPES_H
| # include <sys/types.h>
| #endif
| #ifdef HAVE_SYS_STAT_H
| # include <sys/stat.h>
| #endif
| #ifdef STDC_HEADERS
| # include <stdlib.h>
| # include <stddef.h>
| #else
| # ifdef HAVE_STDLIB_H
| #  include <stdlib.h>
| # endif
| #endif
| #ifdef HAVE_STRING_H
| # if !defined STDC_HEADERS && defined HAVE_MEMORY_H
| #  include <memory.h>
| # endif
| # include <string.h>
| #endif
| #ifdef HAVE_STRINGS_H
| # include <strings.h>
| #endif
| #ifdef HAVE_INTTYPES_H
| # include <inttypes.h>
| #endif
| #ifdef HAVE_STDINT_H
| # include <stdint.h>
| #endif
| #ifdef HAVE_UNISTD_H
| # include <unistd.h>
| #endif
| #include <gnutls/gnutls.h>
configure:5343: result: no
configure:5347: checking gnutls/gnutls.h presence
configure:5362: gcc -E  conftest.c
conftest.c:37:27: fatal error: gnutls/gnutls.h: No such file or directory
compilation terminated.
configure:5368: $? = 1
configure: failed program was:
| /* confdefs.h.  */
| #define PACKAGE_NAME "gsoap"
| #define PACKAGE_TARNAME "gsoap"
| #define PACKAGE_VERSION "2.8"
| #define PACKAGE_STRING "gsoap 2.8"
| #define PACKAGE_BUGREPORT ""
| #define PACKAGE "gsoap"
| #define VERSION "2.8"
| #define STDC_HEADERS 1
| #define HAVE_SYS_TYPES_H 1
| #define HAVE_SYS_STAT_H 1
| #define HAVE_STDLIB_H 1
| #define HAVE_STRING_H 1
| #define HAVE_MEMORY_H 1
| #define HAVE_STRINGS_H 1
| #define HAVE_INTTYPES_H 1
| #define HAVE_STDINT_H 1
| #define HAVE_UNISTD_H 1
| #define HAVE_ARPA_INET_H 1
| #define HAVE_XLOCALE_H 1
| #define HAVE_ERRNO_H 1
| #define HAVE_FCNTL_H 1
| #define HAVE_LIMITS_H 1
| #define HAVE_NETDB_H 1
| #define HAVE_NETINET_IN_H 1
| #define HAVE_STDLIB_H 1
| #define HAVE_STRING_H 1
| #define HAVE_STRINGS_H 1
| #define HAVE_STDINT_H 1
| #define HAVE_SYS_SOCKET_H 1
| #define HAVE_SYS_TYPES_H 1
| #define HAVE_SYS_TIME_H 1
| #define HAVE_SYS_TIMEB_H 1
| #define HAVE_UNISTD_H 1
| #define HAVE_POLL_H 1
| /* end confdefs.h.  */
| #include <gnutls/gnutls.h>
configure:5382: result: no
configure:5410: checking for gnutls/gnutls.h
configure:5418: result: no
configure:5306: checking zlib.h usability
configure:5323: gcc -c -g -O2  conftest.c >&5
conftest.c:70:18: fatal error: zlib.h: No such file or directory
compilation terminated.
configure:5329: $? = 1
configure: failed program was:
| /* confdefs.h.  */
| #define PACKAGE_NAME "gsoap"
| #define PACKAGE_TARNAME "gsoap"
| #define PACKAGE_VERSION "2.8"
| #define PACKAGE_STRING "gsoap 2.8"
| #define PACKAGE_BUGREPORT ""
| #define PACKAGE "gsoap"
| #define VERSION "2.8"
| #define STDC_HEADERS 1
| #define HAVE_SYS_TYPES_H 1
| #define HAVE_SYS_STAT_H 1
| #define HAVE_STDLIB_H 1
| #define HAVE_STRING_H 1
| #define HAVE_MEMORY_H 1
| #define HAVE_STRINGS_H 1
| #define HAVE_INTTYPES_H 1
| #define HAVE_STDINT_H 1
| #define HAVE_UNISTD_H 1
| #define HAVE_ARPA_INET_H 1
| #define HAVE_XLOCALE_H 1
| #define HAVE_ERRNO_H 1
| #define HAVE_FCNTL_H 1
| #define HAVE_LIMITS_H 1
| #define HAVE_NETDB_H 1
| #define HAVE_NETINET_IN_H 1
| #define HAVE_STDLIB_H 1
| #define HAVE_STRING_H 1
| #define HAVE_STRINGS_H 1
| #define HAVE_STDINT_H 1
| #define HAVE_SYS_SOCKET_H 1
| #define HAVE_SYS_TYPES_H 1
| #define HAVE_SYS_TIME_H 1
| #define HAVE_SYS_TIMEB_H 1
| #define HAVE_UNISTD_H 1
| #define HAVE_POLL_H 1
| /* end confdefs.h.  */
| #include <stdio.h>
| #ifdef HAVE_SYS_TYPES_H
| # include <sys/types.h>
| #endif
| #ifdef HAVE_SYS_STAT_H
| # include <sys/stat.h>
| #endif
| #ifdef STDC_HEADERS
| # include <stdlib.h>
| # include <stddef.h>
| #else
| # ifdef HAVE_STDLIB_H
| #  include <stdlib.h>
| # endif
| #endif
| #ifdef HAVE_STRING_H
| # if !defined STDC_HEADERS && defined HAVE_MEMORY_H
| #  include <memory.h>
| # endif
| # include <string.h>
| #endif
| #ifdef HAVE_STRINGS_H
| # include <strings.h>
| #endif
| #ifdef HAVE_INTTYPES_H
| # include <inttypes.h>
| #endif
| #ifdef HAVE_STDINT_H
| # include <stdint.h>
| #endif
| #ifdef HAVE_UNISTD_H
| # include <unistd.h>
| #endif
| #include <zlib.h>
configure:5343: result: no
configure:5347: checking zlib.h presence
configure:5362: gcc -E  conftest.c
conftest.c:37:18: fatal error: zlib.h: No such file or directory
compilation terminated.
configure:5368: $? = 1
configure: failed program was:
| /* confdefs.h.  */
| #define PACKAGE_NAME "gsoap"
| #define PACKAGE_TARNAME "gsoap"
| #define PACKAGE_VERSION "2.8"
| #define PACKAGE_STRING "gsoap 2.8"
| #define PACKAGE_BUGREPORT ""
| #define PACKAGE "gsoap"
| #define VERSION "2.8"
| #define STDC_HEADERS 1
| #define HAVE_SYS_TYPES_H 1
| #define HAVE_SYS_STAT_H 1
| #define HAVE_STDLIB_H 1
| #define HAVE_STRING_H 1
| #define HAVE_MEMORY_H 1
| #define HAVE_STRINGS_H 1
| #define HAVE_INTTYPES_H 1
| #define HAVE_STDINT_H 1
| #define HAVE_UNISTD_H 1
| #define HAVE_ARPA_INET_H 1
| #define HAVE_XLOCALE_H 1
| #define HAVE_ERRNO_H 1
| #define HAVE_FCNTL_H 1
| #define HAVE_LIMITS_H 1
| #define HAVE_NETDB_H 1
| #define HAVE_NETINET_IN_H 1
| #define HAVE_STDLIB_H 1
| #define HAVE_STRING_H 1
| #define HAVE_STRINGS_H 1
| #define HAVE_STDINT_H 1
| #define HAVE_SYS_SOCKET_H 1
| #define HAVE_SYS_TYPES_H 1
| #define HAVE_SYS_TIME_H 1
| #define HAVE_SYS_TIMEB_H 1
| #define HAVE_UNISTD_H 1
| #define HAVE_POLL_H 1
| /* end confdefs.h.  */
| #include <zlib.h>
configure:5382: result: no
configure:5410: checking for zlib.h
configure:5418: result: no
configure:5433: checking for an ANSI C-conforming const
configure:5508: gcc -c -g -O2  conftest.c >&5
configure:5514: $? = 0
configure:5529: result: yes
configure:5539: checking for size_t
configure:5569: gcc -c -g -O2  conftest.c >&5
configure:5575: $? = 0
configure:5590: result: yes
configure:5602: checking whether time.h and sys/time.h may both be included
configure:5632: gcc -c -g -O2  conftest.c >&5
configure:5638: $? = 0
configure:5653: result: yes
configure:5663: checking whether struct tm is in sys/time.h or time.h
configure:5693: gcc -c -g -O2  conftest.c >&5
configure:5699: $? = 0
configure:5714: result: time.h
configure:5734: checking for sys/time.h
configure:5740: result: yes
configure:5734: checking for unistd.h
configure:5740: result: yes
configure:5880: checking for alarm
configure:5936: gcc -o conftest -g -O2   conftest.c  >&5
configure:5942: $? = 0
configure:5960: result: yes
configure:5986: checking for working mktime
configure:6195: gcc -o conftest -g -O2   conftest.c  >&5
configure:6198: $? = 0
configure:6204: ./conftest
./configure: line 6205:  4961 Alarm clock             ./conftest$ac_exeext
configure:6207: $? = 142
configure: program exited with status 142
configure: failed program was:
| /* confdefs.h.  */
| #define PACKAGE_NAME "gsoap"
| #define PACKAGE_TARNAME "gsoap"
| #define PACKAGE_VERSION "2.8"
| #define PACKAGE_STRING "gsoap 2.8"
| #define PACKAGE_BUGREPORT ""
| #define PACKAGE "gsoap"
| #define VERSION "2.8"
| #define STDC_HEADERS 1
| #define HAVE_SYS_TYPES_H 1
| #define HAVE_SYS_STAT_H 1
| #define HAVE_STDLIB_H 1
| #define HAVE_STRING_H 1
| #define HAVE_MEMORY_H 1
| #define HAVE_STRINGS_H 1
| #define HAVE_INTTYPES_H 1
| #define HAVE_STDINT_H 1
| #define HAVE_UNISTD_H 1
| #define HAVE_ARPA_INET_H 1
| #define HAVE_XLOCALE_H 1
| #define HAVE_ERRNO_H 1
| #define HAVE_FCNTL_H 1
| #define HAVE_LIMITS_H 1
| #define HAVE_NETDB_H 1
| #define HAVE_NETINET_IN_H 1
| #define HAVE_STDLIB_H 1
| #define HAVE_STRING_H 1
| #define HAVE_STRINGS_H 1
| #define HAVE_STDINT_H 1
| #define HAVE_SYS_SOCKET_H 1
| #define HAVE_SYS_TYPES_H 1
| #define HAVE_SYS_TIME_H 1
| #define HAVE_SYS_TIMEB_H 1
| #define HAVE_UNISTD_H 1
| #define HAVE_POLL_H 1
| #define TIME_WITH_SYS_TIME 1
| #define HAVE_SYS_TIME_H 1
| #define HAVE_UNISTD_H 1
| #define HAVE_ALARM 1
| /* end confdefs.h.  */
| /* Test program from Paul Eggert and Tony Leneis.  */
| #ifdef TIME_WITH_SYS_TIME
| # include <sys/time.h>
| # include <time.h>
| #else
| # ifdef HAVE_SYS_TIME_H
| #  include <sys/time.h>
| # else
| #  include <time.h>
| # endif
| #endif
| 
| #include <stdlib.h>
| 
| #ifdef HAVE_UNISTD_H
| # include <unistd.h>
| #endif
| 
| #ifndef HAVE_ALARM
| # define alarm(X) /* empty */
| #endif
| 
| /* Work around redefinition to rpl_putenv by other config tests.  */
| #undef putenv
| 
| static time_t time_t_max;
| static time_t time_t_min;
| 
| /* Values we'll use to set the TZ environment variable.  */
| static char *tz_strings[] = {
|   (char *) 0, "TZ=GMT0", "TZ=JST-9",
|   "TZ=EST+3EDT+2,M10.1.0/00:00:00,M2.3.0/00:00:00"
| };
| #define N_STRINGS (sizeof (tz_strings) / sizeof (tz_strings[0]))
| 
| /* Return 0 if mktime fails to convert a date in the spring-forward gap.
|    Based on a problem report from Andreas Jaeger.  */
| static int
| spring_forward_gap ()
| {
|   /* glibc (up to about 1998-10-07) failed this test. */
|   struct tm tm;
| 
|   /* Use the portable POSIX.1 specification "TZ=PST8PDT,M4.1.0,M10.5.0"
|      instead of "TZ=America/Vancouver" in order to detect the bug even
|      on systems that don't support the Olson extension, or don't have the
|      full zoneinfo tables installed.  */
|   putenv ("TZ=PST8PDT,M4.1.0,M10.5.0");
| 
|   tm.tm_year = 98;
|   tm.tm_mon = 3;
|   tm.tm_mday = 5;
|   tm.tm_hour = 2;
|   tm.tm_min = 0;
|   tm.tm_sec = 0;
|   tm.tm_isdst = -1;
|   return mktime (&tm) != (time_t) -1;
| }
| 
| static int
| mktime_test1 (now)
|      time_t now;
| {
|   struct tm *lt;
|   return ! (lt = localtime (&now)) || mktime (lt) == now;
| }
| 
| static int
| mktime_test (now)
|      time_t now;
| {
|   return (mktime_test1 (now)
| 	  && mktime_test1 ((time_t) (time_t_max - now))
| 	  && mktime_test1 ((time_t) (time_t_min + now)));
| }
| 
| static int
| irix_6_4_bug ()
| {
|   /* Based on code from Ariel Faigon.  */
|   struct tm tm;
|   tm.tm_year = 96;
|   tm.tm_mon = 3;
|   tm.tm_mday = 0;
|   tm.tm_hour = 0;
|   tm.tm_min = 0;
|   tm.tm_sec = 0;
|   tm.tm_isdst = -1;
|   mktime (&tm);
|   return tm.tm_mon == 2 && tm.tm_mday == 31;
| }
| 
| static int
| bigtime_test (j)
|      int j;
| {
|   struct tm tm;
|   time_t now;
|   tm.tm_year = tm.tm_mon = tm.tm_mday = tm.tm_hour = tm.tm_min = tm.tm_sec = j;
|   now = mktime (&tm);
|   if (now != (time_t) -1)
|     {
|       struct tm *lt = localtime (&now);
|       if (! (lt
| 	     && lt->tm_year == tm.tm_year
| 	     && lt->tm_mon == tm.tm_mon
| 	     && lt->tm_mday == tm.tm_mday
| 	     && lt->tm_hour == tm.tm_hour
| 	     && lt->tm_min == tm.tm_min
| 	     && lt->tm_sec == tm.tm_sec
| 	     && lt->tm_yday == tm.tm_yday
| 	     && lt->tm_wday == tm.tm_wday
| 	     && ((lt->tm_isdst < 0 ? -1 : 0 < lt->tm_isdst)
| 		  == (tm.tm_isdst < 0 ? -1 : 0 < tm.tm_isdst))))
| 	return 0;
|     }
|   return 1;
| }
| 
| static int
| year_2050_test ()
| {
|   /* The correct answer for 2050-02-01 00:00:00 in Pacific time,
|      ignoring leap seconds.  */
|   unsigned long int answer = 2527315200UL;
| 
|   struct tm tm;
|   time_t t;
|   tm.tm_year = 2050 - 1900;
|   tm.tm_mon = 2 - 1;
|   tm.tm_mday = 1;
|   tm.tm_hour = tm.tm_min = tm.tm_sec = 0;
|   tm.tm_isdst = -1;
| 
|   /* Use the portable POSIX.1 specification "TZ=PST8PDT,M4.1.0,M10.5.0"
|      instead of "TZ=America/Vancouver" in order to detect the bug even
|      on systems that don't support the Olson extension, or don't have the
|      full zoneinfo tables installed.  */
|   putenv ("TZ=PST8PDT,M4.1.0,M10.5.0");
| 
|   t = mktime (&tm);
| 
|   /* Check that the result is either a failure, or close enough
|      to the correct answer that we can assume the discrepancy is
|      due to leap seconds.  */
|   return (t == (time_t) -1
| 	  || (0 < t && answer - 120 <= t && t <= answer + 120));
| }
| 
| int
| main ()
| {
|   time_t t, delta;
|   int i, j;
| 
|   /* This test makes some buggy mktime implementations loop.
|      Give up after 60 seconds; a mktime slower than that
|      isn't worth using anyway.  */
|   alarm (60);
| 
|   for (time_t_max = 1; 0 < time_t_max; time_t_max *= 2)
|     continue;
|   time_t_max--;
|   if ((time_t) -1 < 0)
|     for (time_t_min = -1; (time_t) (time_t_min * 2) < 0; time_t_min *= 2)
|       continue;
|   delta = time_t_max / 997; /* a suitable prime number */
|   for (i = 0; i < N_STRINGS; i++)
|     {
|       if (tz_strings[i])
| 	putenv (tz_strings[i]);
| 
|       for (t = 0; t <= time_t_max - delta; t += delta)
| 	if (! mktime_test (t))
| 	  return 1;
|       if (! (mktime_test ((time_t) 1)
| 	     && mktime_test ((time_t) (60 * 60))
| 	     && mktime_test ((time_t) (60 * 60 * 24))))
| 	return 1;
| 
|       for (j = 1; 0 < j; j *= 2)
| 	if (! bigtime_test (j))
| 	  return 1;
|       if (! bigtime_test (j - 1))
| 	return 1;
|     }
|   return ! (irix_6_4_bug () && spring_forward_gap () && year_2050_test ());
| }
configure:6223: result: no
configure:6234: checking return type of signal handlers
configure:6262: gcc -c -g -O2  conftest.c >&5
conftest.c: In function 'main':
conftest.c:47:1: error: void value not ignored as it ought to be
configure:6268: $? = 1
configure: failed program was:
| /* confdefs.h.  */
| #define PACKAGE_NAME "gsoap"
| #define PACKAGE_TARNAME "gsoap"
| #define PACKAGE_VERSION "2.8"
| #define PACKAGE_STRING "gsoap 2.8"
| #define PACKAGE_BUGREPORT ""
| #define PACKAGE "gsoap"
| #define VERSION "2.8"
| #define STDC_HEADERS 1
| #define HAVE_SYS_TYPES_H 1
| #define HAVE_SYS_STAT_H 1
| #define HAVE_STDLIB_H 1
| #define HAVE_STRING_H 1
| #define HAVE_MEMORY_H 1
| #define HAVE_STRINGS_H 1
| #define HAVE_INTTYPES_H 1
| #define HAVE_STDINT_H 1
| #define HAVE_UNISTD_H 1
| #define HAVE_ARPA_INET_H 1
| #define HAVE_XLOCALE_H 1
| #define HAVE_ERRNO_H 1
| #define HAVE_FCNTL_H 1
| #define HAVE_LIMITS_H 1
| #define HAVE_NETDB_H 1
| #define HAVE_NETINET_IN_H 1
| #define HAVE_STDLIB_H 1
| #define HAVE_STRING_H 1
| #define HAVE_STRINGS_H 1
| #define HAVE_STDINT_H 1
| #define HAVE_SYS_SOCKET_H 1
| #define HAVE_SYS_TYPES_H 1
| #define HAVE_SYS_TIME_H 1
| #define HAVE_SYS_TIMEB_H 1
| #define HAVE_UNISTD_H 1
| #define HAVE_POLL_H 1
| #define TIME_WITH_SYS_TIME 1
| #define HAVE_SYS_TIME_H 1
| #define HAVE_UNISTD_H 1
| #define HAVE_ALARM 1
| /* end confdefs.h.  */
| #include <sys/types.h>
| #include <signal.h>
| 
| int
| main ()
| {
| return *(signal (0, 0)) (0) == 1;
|   ;
|   return 0;
| }
configure:6283: result: void
configure:6295: checking for strftime
configure:6351: gcc -o conftest -g -O2   conftest.c  >&5
conftest.c:65:6: warning: conflicting types for built-in function 'strftime' [enabled by default]
configure:6357: $? = 0
configure:6375: result: yes
configure:6491: checking for random
configure:6547: gcc -o conftest -g -O2   conftest.c  >&5
configure:6553: $? = 0
configure:6571: result: yes
configure:6491: checking for gettimeofday
configure:6547: gcc -o conftest -g -O2   conftest.c  >&5
configure:6553: $? = 0
configure:6571: result: yes
configure:6491: checking for ftime
configure:6547: gcc -o conftest -g -O2   conftest.c  >&5
configure:6553: $? = 0
configure:6571: result: yes
configure:6491: checking for localtime_r
configure:6547: gcc -o conftest -g -O2   conftest.c  >&5
configure:6553: $? = 0
configure:6571: result: yes
configure:6491: checking for timegm
configure:6547: gcc -o conftest -g -O2   conftest.c  >&5
configure:6553: $? = 0
configure:6571: result: yes
configure:6491: checking for gmtime
configure:6547: gcc -o conftest -g -O2   conftest.c  >&5
configure:6553: $? = 0
configure:6571: result: yes
configure:6491: checking for gmtime_r
configure:6547: gcc -o conftest -g -O2   conftest.c  >&5
configure:6553: $? = 0
configure:6571: result: yes
configure:6491: checking for memset
configure:6547: gcc -o conftest -g -O2   conftest.c  >&5
conftest.c:73:6: warning: conflicting types for built-in function 'memset' [enabled by default]
configure:6553: $? = 0
configure:6571: result: yes
configure:6491: checking for select
configure:6547: gcc -o conftest -g -O2   conftest.c  >&5
configure:6553: $? = 0
configure:6571: result: yes
configure:6491: checking for socket
configure:6547: gcc -o conftest -g -O2   conftest.c  >&5
configure:6553: $? = 0
configure:6571: result: yes
configure:6491: checking for snprintf
configure:6547: gcc -o conftest -g -O2   conftest.c  >&5
conftest.c:76:6: warning: conflicting types for built-in function 'snprintf' [enabled by default]
configure:6553: $? = 0
configure:6571: result: yes
configure:6491: checking for strchr
configure:6547: gcc -o conftest -g -O2   conftest.c  >&5
conftest.c:77:6: warning: conflicting types for built-in function 'strchr' [enabled by default]
configure:6553: $? = 0
configure:6571: result: yes
configure:6491: checking for strerror
configure:6547: gcc -o conftest -g -O2   conftest.c  >&5
configure:6553: $? = 0
configure:6571: result: yes
configure:6491: checking for strerror_r
configure:6547: gcc -o conftest -g -O2   conftest.c  >&5
configure:6553: $? = 0
configure:6571: result: yes
configure:6491: checking for strrchr
configure:6547: gcc -o conftest -g -O2   conftest.c  >&5
conftest.c:80:6: warning: conflicting types for built-in function 'strrchr' [enabled by default]
configure:6553: $? = 0
configure:6571: result: yes
configure:6491: checking for strstr
configure:6547: gcc -o conftest -g -O2   conftest.c  >&5
conftest.c:81:6: warning: conflicting types for built-in function 'strstr' [enabled by default]
configure:6553: $? = 0
configure:6571: result: yes
configure:6491: checking for strtol
configure:6547: gcc -o conftest -g -O2   conftest.c  >&5
configure:6553: $? = 0
configure:6571: result: yes
configure:6491: checking for strtoul
configure:6547: gcc -o conftest -g -O2   conftest.c  >&5
configure:6553: $? = 0
configure:6571: result: yes
configure:6491: checking for strtoll
configure:6547: gcc -o conftest -g -O2   conftest.c  >&5
configure:6553: $? = 0
configure:6571: result: yes
configure:6491: checking for strtoull
configure:6547: gcc -o conftest -g -O2   conftest.c  >&5
configure:6553: $? = 0
configure:6571: result: yes
configure:6491: checking for strtold
configure:6547: gcc -o conftest -g -O2   conftest.c  >&5
configure:6553: $? = 0
configure:6571: result: yes
configure:6491: checking for strtod
configure:6547: gcc -o conftest -g -O2   conftest.c  >&5
configure:6553: $? = 0
configure:6571: result: yes
configure:6491: checking for strtof
configure:6547: gcc -o conftest -g -O2   conftest.c  >&5
configure:6553: $? = 0
configure:6571: result: yes
configure:6491: checking for strtold_l
configure:6547: gcc -o conftest -g -O2   conftest.c  >&5
configure:6553: $? = 0
configure:6571: result: yes
configure:6491: checking for strtod_l
configure:6547: gcc -o conftest -g -O2   conftest.c  >&5
configure:6553: $? = 0
configure:6571: result: yes
configure:6491: checking for strtof_l
configure:6547: gcc -o conftest -g -O2   conftest.c  >&5
configure:6553: $? = 0
configure:6571: result: yes
configure:6491: checking for sscanf
configure:6547: gcc -o conftest -g -O2   conftest.c  >&5
conftest.c:92:6: warning: conflicting types for built-in function 'sscanf' [enabled by default]
configure:6553: $? = 0
configure:6571: result: yes
configure:6491: checking for sscanf_l
configure:6547: gcc -o conftest -g -O2   conftest.c  >&5
/tmp/ccVos2r9.o: In function `main':
/home/eternus/gsoap-2.8/conftest.c:104: undefined reference to `sscanf_l'
collect2: ld returned 1 exit status
configure:6553: $? = 1
configure: failed program was:
| /* confdefs.h.  */
| #define PACKAGE_NAME "gsoap"
| #define PACKAGE_TARNAME "gsoap"
| #define PACKAGE_VERSION "2.8"
| #define PACKAGE_STRING "gsoap 2.8"
| #define PACKAGE_BUGREPORT ""
| #define PACKAGE "gsoap"
| #define VERSION "2.8"
| #define STDC_HEADERS 1
| #define HAVE_SYS_TYPES_H 1
| #define HAVE_SYS_STAT_H 1
| #define HAVE_STDLIB_H 1
| #define HAVE_STRING_H 1
| #define HAVE_MEMORY_H 1
| #define HAVE_STRINGS_H 1
| #define HAVE_INTTYPES_H 1
| #define HAVE_STDINT_H 1
| #define HAVE_UNISTD_H 1
| #define HAVE_ARPA_INET_H 1
| #define HAVE_XLOCALE_H 1
| #define HAVE_ERRNO_H 1
| #define HAVE_FCNTL_H 1
| #define HAVE_LIMITS_H 1
| #define HAVE_NETDB_H 1
| #define HAVE_NETINET_IN_H 1
| #define HAVE_STDLIB_H 1
| #define HAVE_STRING_H 1
| #define HAVE_STRINGS_H 1
| #define HAVE_STDINT_H 1
| #define HAVE_SYS_SOCKET_H 1
| #define HAVE_SYS_TYPES_H 1
| #define HAVE_SYS_TIME_H 1
| #define HAVE_SYS_TIMEB_H 1
| #define HAVE_UNISTD_H 1
| #define HAVE_POLL_H 1
| #define TIME_WITH_SYS_TIME 1
| #define HAVE_SYS_TIME_H 1
| #define HAVE_UNISTD_H 1
| #define HAVE_ALARM 1
| #define RETSIGTYPE void
| #define HAVE_STRFTIME 1
| #define HAVE_RANDOM 1
| #define HAVE_GETTIMEOFDAY 1
| #define HAVE_FTIME 1
| #define HAVE_LOCALTIME_R 1
| #define HAVE_TIMEGM 1
| #define HAVE_GMTIME 1
| #define HAVE_GMTIME_R 1
| #define HAVE_MEMSET 1
| #define HAVE_SELECT 1
| #define HAVE_SOCKET 1
| #define HAVE_SNPRINTF 1
| #define HAVE_STRCHR 1
| #define HAVE_STRERROR 1
| #define HAVE_STRERROR_R 1
| #define HAVE_STRRCHR 1
| #define HAVE_STRSTR 1
| #define HAVE_STRTOL 1
| #define HAVE_STRTOUL 1
| #define HAVE_STRTOLL 1
| #define HAVE_STRTOULL 1
| #define HAVE_STRTOLD 1
| #define HAVE_STRTOD 1
| #define HAVE_STRTOF 1
| #define HAVE_STRTOLD_L 1
| #define HAVE_STRTOD_L 1
| #define HAVE_STRTOF_L 1
| #define HAVE_SSCANF 1
| /* end confdefs.h.  */
| /* Define sscanf_l to an innocuous variant, in case <limits.h> declares sscanf_l.
|    For example, HP-UX 11i <limits.h> declares gettimeofday.  */
| #define sscanf_l innocuous_sscanf_l
| 
| /* System header to define __stub macros and hopefully few prototypes,
|     which can conflict with char sscanf_l (); below.
|     Prefer <limits.h> to <assert.h> if __STDC__ is defined, since
|     <limits.h> exists even on freestanding compilers.  */
| 
| #ifdef __STDC__
| # include <limits.h>
| #else
| # include <assert.h>
| #endif
| 
| #undef sscanf_l
| 
| /* Override any GCC internal prototype to avoid an error.
|    Use char because int might match the return type of a GCC
|    builtin and then its argument prototype would still apply.  */
| #ifdef __cplusplus
| extern "C"
| #endif
| char sscanf_l ();
| /* The GNU C library defines this for functions which it implements
|     to always fail with ENOSYS.  Some functions are actually named
|     something starting with __ and the normal name is an alias.  */
| #if defined __stub_sscanf_l || defined __stub___sscanf_l
| choke me
| #endif
| 
| int
| main ()
| {
| return sscanf_l ();
|   ;
|   return 0;
| }
configure:6571: result: no
configure:6491: checking for sprintf_l
configure:6547: gcc -o conftest -g -O2   conftest.c  >&5
/tmp/ccxe6ouR.o: In function `main':
/home/eternus/gsoap-2.8/conftest.c:104: undefined reference to `sprintf_l'
collect2: ld returned 1 exit status
configure:6553: $? = 1
configure: failed program was:
| /* confdefs.h.  */
| #define PACKAGE_NAME "gsoap"
| #define PACKAGE_TARNAME "gsoap"
| #define PACKAGE_VERSION "2.8"
| #define PACKAGE_STRING "gsoap 2.8"
| #define PACKAGE_BUGREPORT ""
| #define PACKAGE "gsoap"
| #define VERSION "2.8"
| #define STDC_HEADERS 1
| #define HAVE_SYS_TYPES_H 1
| #define HAVE_SYS_STAT_H 1
| #define HAVE_STDLIB_H 1
| #define HAVE_STRING_H 1
| #define HAVE_MEMORY_H 1
| #define HAVE_STRINGS_H 1
| #define HAVE_INTTYPES_H 1
| #define HAVE_STDINT_H 1
| #define HAVE_UNISTD_H 1
| #define HAVE_ARPA_INET_H 1
| #define HAVE_XLOCALE_H 1
| #define HAVE_ERRNO_H 1
| #define HAVE_FCNTL_H 1
| #define HAVE_LIMITS_H 1
| #define HAVE_NETDB_H 1
| #define HAVE_NETINET_IN_H 1
| #define HAVE_STDLIB_H 1
| #define HAVE_STRING_H 1
| #define HAVE_STRINGS_H 1
| #define HAVE_STDINT_H 1
| #define HAVE_SYS_SOCKET_H 1
| #define HAVE_SYS_TYPES_H 1
| #define HAVE_SYS_TIME_H 1
| #define HAVE_SYS_TIMEB_H 1
| #define HAVE_UNISTD_H 1
| #define HAVE_POLL_H 1
| #define TIME_WITH_SYS_TIME 1
| #define HAVE_SYS_TIME_H 1
| #define HAVE_UNISTD_H 1
| #define HAVE_ALARM 1
| #define RETSIGTYPE void
| #define HAVE_STRFTIME 1
| #define HAVE_RANDOM 1
| #define HAVE_GETTIMEOFDAY 1
| #define HAVE_FTIME 1
| #define HAVE_LOCALTIME_R 1
| #define HAVE_TIMEGM 1
| #define HAVE_GMTIME 1
| #define HAVE_GMTIME_R 1
| #define HAVE_MEMSET 1
| #define HAVE_SELECT 1
| #define HAVE_SOCKET 1
| #define HAVE_SNPRINTF 1
| #define HAVE_STRCHR 1
| #define HAVE_STRERROR 1
| #define HAVE_STRERROR_R 1
| #define HAVE_STRRCHR 1
| #define HAVE_STRSTR 1
| #define HAVE_STRTOL 1
| #define HAVE_STRTOUL 1
| #define HAVE_STRTOLL 1
| #define HAVE_STRTOULL 1
| #define HAVE_STRTOLD 1
| #define HAVE_STRTOD 1
| #define HAVE_STRTOF 1
| #define HAVE_STRTOLD_L 1
| #define HAVE_STRTOD_L 1
| #define HAVE_STRTOF_L 1
| #define HAVE_SSCANF 1
| /* end confdefs.h.  */
| /* Define sprintf_l to an innocuous variant, in case <limits.h> declares sprintf_l.
|    For example, HP-UX 11i <limits.h> declares gettimeofday.  */
| #define sprintf_l innocuous_sprintf_l
| 
| /* System header to define __stub macros and hopefully few prototypes,
|     which can conflict with char sprintf_l (); below.
|     Prefer <limits.h> to <assert.h> if __STDC__ is defined, since
|     <limits.h> exists even on freestanding compilers.  */
| 
| #ifdef __STDC__
| # include <limits.h>
| #else
| # include <assert.h>
| #endif
| 
| #undef sprintf_l
| 
| /* Override any GCC internal prototype to avoid an error.
|    Use char because int might match the return type of a GCC
|    builtin and then its argument prototype would still apply.  */
| #ifdef __cplusplus
| extern "C"
| #endif
| char sprintf_l ();
| /* The GNU C library defines this for functions which it implements
|     to always fail with ENOSYS.  Some functions are actually named
|     something starting with __ and the normal name is an alias.  */
| #if defined __stub_sprintf_l || defined __stub___sprintf_l
| choke me
| #endif
| 
| int
| main ()
| {
| return sprintf_l ();
|   ;
|   return 0;
| }
configure:6571: result: no
configure:6491: checking for wctomb
configure:6547: gcc -o conftest -g -O2   conftest.c  >&5
configure:6553: $? = 0
configure:6571: result: yes
configure:6491: checking for mbtowc
configure:6547: gcc -o conftest -g -O2   conftest.c  >&5
configure:6553: $? = 0
configure:6571: result: yes
configure:6491: checking for poll
configure:6547: gcc -o conftest -g -O2   conftest.c  >&5
configure:6553: $? = 0
configure:6571: result: yes
configure:6583: checking for isnan
configure:6639: gcc -o conftest -g -O2   conftest.c  >&5
conftest.c:96:6: warning: conflicting types for built-in function 'isnan' [enabled by default]
configure:6645: $? = 0
configure:6662: result: yes
configure:6674: checking for isinf
configure:6730: gcc -o conftest -g -O2   conftest.c  >&5
conftest.c:97:6: warning: conflicting types for built-in function 'isinf' [enabled by default]
configure:6736: $? = 0
configure:6753: result: yes
configure:6895: checking for gethostbyname_r
configure:6951: gcc -o conftest -g -O2   conftest.c  >&5
configure:6957: $? = 0
configure:6975: result: yes
configure:6990: checking for stdlib.h
configure:6996: result: yes
configure:7125: checking for GNU libc compatible malloc
configure:7159: gcc -o conftest -g -O2   conftest.c  >&5
configure:7162: $? = 0
configure:7168: ./conftest
configure:7171: $? = 0
configure:7187: result: yes
configure:7266: checking for disable namespaces in library
configure:7269: result: no
configure:7288: checking for enable ipv6 in library
configure:7295: result: no
configure:7326: checking for disable openssl in library
configure:7329: result: no
configure:7331: checking for enable gnutls in library
configure:7341: result: no
configure:7401: WARNING: No 'flex' command detected on current path: trying existing scanner
configure:7558: creating ./config.status

## ---------------------- ##
## Running config.status. ##
## ---------------------- ##

This file was extended by gsoap config.status 2.8, which was
generated by GNU Autoconf 2.61.  Invocation command line was

  CONFIG_FILES    = 
  CONFIG_HEADERS  = 
  CONFIG_LINKS    = 
  CONFIG_COMMANDS = 
  $ ./config.status 

on eternus

config.status:726: creating Makefile
config.status:726: creating gsoap.pc
config.status:726: creating gsoap++.pc
config.status:726: creating gsoapck.pc
config.status:726: creating gsoapck++.pc
config.status:726: creating gsoapssl.pc
config.status:726: creating gsoapssl++.pc
config.status:726: creating gsoap/Makefile
config.status:726: creating gsoap/src/Makefile
config.status:726: creating gsoap/wsdl/Makefile
config.status:726: creating gsoap/samples/Makefile
config.status:726: creating gsoap/samples/autotest/Makefile
config.status:726: creating gsoap/samples/calc/Makefile
config.status:726: creating gsoap/samples/calc++/Makefile
config.status:726: creating gsoap/samples/chaining/Makefile
config.status:726: creating gsoap/samples/chaining++/Makefile
config.status:726: creating gsoap/samples/databinding/Makefile
config.status:726: creating gsoap/samples/dime/Makefile
config.status:726: creating gsoap/samples/dom/Makefile
config.status:726: creating gsoap/samples/oneway/Makefile
config.status:726: creating gsoap/samples/oneway++/Makefile
config.status:726: creating gsoap/samples/factory/Makefile
config.status:726: creating gsoap/samples/factorytest/Makefile
config.status:726: creating gsoap/samples/gmt/Makefile
config.status:726: creating gsoap/samples/googleapi/Makefile
config.status:726: creating gsoap/samples/hello/Makefile
config.status:726: creating gsoap/samples/httpcookies/Makefile
config.status:726: creating gsoap/samples/lu/Makefile
config.status:726: creating gsoap/samples/magic/Makefile
config.status:726: creating gsoap/samples/mashup/Makefile
config.status:726: creating gsoap/samples/mashup++/Makefile
config.status:726: creating gsoap/samples/mtom/Makefile
config.status:726: creating gsoap/samples/mtom-stream/Makefile
config.status:726: creating gsoap/samples/polytest/Makefile
config.status:726: creating gsoap/samples/primes/Makefile
config.status:726: creating gsoap/samples/roll/Makefile
config.status:726: creating gsoap/samples/router/Makefile
config.status:726: creating gsoap/samples/rss/Makefile
config.status:726: creating gsoap/samples/ssl/Makefile
config.status:726: creating gsoap/samples/template/Makefile
config.status:726: creating gsoap/samples/udp/Makefile
config.status:726: creating gsoap/samples/varparam/Makefile
config.status:726: creating gsoap/samples/wsa/Makefile
config.status:726: creating gsoap/samples/wsrm/Makefile
config.status:726: creating gsoap/samples/wsse/Makefile
config.status:726: creating gsoap/samples/xml-rpc-json/Makefile
config.status:726: creating gsoap/samples/rest/Makefile
config.status:726: creating config.h
config.status:1064: executing depfiles commands

## ---------------- ##
## Cache variables. ##
## ---------------- ##

ac_cv_build=i686-pc-linux-gnu
ac_cv_c_compiler_gnu=yes
ac_cv_c_const=yes
ac_cv_cxx_compiler_gnu=yes
ac_cv_env_CCC_set=
ac_cv_env_CCC_value=
ac_cv_env_CC_set=
ac_cv_env_CC_value=
ac_cv_env_CFLAGS_set=
ac_cv_env_CFLAGS_value=
ac_cv_env_CPPFLAGS_set=
ac_cv_env_CPPFLAGS_value=
ac_cv_env_CPP_set=
ac_cv_env_CPP_value=
ac_cv_env_CXXFLAGS_set=
ac_cv_env_CXXFLAGS_value=
ac_cv_env_CXX_set=
ac_cv_env_CXX_value=
ac_cv_env_LDFLAGS_set=
ac_cv_env_LDFLAGS_value=
ac_cv_env_LIBS_set=
ac_cv_env_LIBS_value=
ac_cv_env_YACC_set=
ac_cv_env_YACC_value=
ac_cv_env_YFLAGS_set=
ac_cv_env_YFLAGS_value=
ac_cv_env_build_alias_set=
ac_cv_env_build_alias_value=
ac_cv_env_host_alias_set=
ac_cv_env_host_alias_value=
ac_cv_env_target_alias_set=
ac_cv_env_target_alias_value=
ac_cv_func_alarm=yes
ac_cv_func_ftime=yes
ac_cv_func_gethostbyname_r=yes
ac_cv_func_gettimeofday=yes
ac_cv_func_gmtime=yes
ac_cv_func_gmtime_r=yes
ac_cv_func_isinf=yes
ac_cv_func_isnan=yes
ac_cv_func_localtime_r=yes
ac_cv_func_malloc_0_nonnull=yes
ac_cv_func_mbtowc=yes
ac_cv_func_memset=yes
ac_cv_func_poll=yes
ac_cv_func_random=yes
ac_cv_func_select=yes
ac_cv_func_snprintf=yes
ac_cv_func_socket=yes
ac_cv_func_sprintf_l=no
ac_cv_func_sscanf=yes
ac_cv_func_sscanf_l=no
ac_cv_func_strchr=yes
ac_cv_func_strerror=yes
ac_cv_func_strerror_r=yes
ac_cv_func_strftime=yes
ac_cv_func_strrchr=yes
ac_cv_func_strstr=yes
ac_cv_func_strtod=yes
ac_cv_func_strtod_l=yes
ac_cv_func_strtof=yes
ac_cv_func_strtof_l=yes
ac_cv_func_strtol=yes
ac_cv_func_strtold=yes
ac_cv_func_strtold_l=yes
ac_cv_func_strtoll=yes
ac_cv_func_strtoul=yes
ac_cv_func_strtoull=yes
ac_cv_func_timegm=yes
ac_cv_func_wctomb=yes
ac_cv_func_working_mktime=no
ac_cv_header_arpa_inet_h=yes
ac_cv_header_errno_h=yes
ac_cv_header_fcntl_h=yes
ac_cv_header_gnutls_gnutls_h=no
ac_cv_header_inttypes_h=yes
ac_cv_header_limits_h=yes
ac_cv_header_memory_h=yes
ac_cv_header_netdb_h=yes
ac_cv_header_netinet_in_h=yes
ac_cv_header_openssl_ssl_h=no
ac_cv_header_poll_h=yes
ac_cv_header_stdc=yes
ac_cv_header_stdint_h=yes
ac_cv_header_stdlib_h=yes
ac_cv_header_string_h=yes
ac_cv_header_strings_h=yes
ac_cv_header_sys_socket_h=yes
ac_cv_header_sys_stat_h=yes
ac_cv_header_sys_time_h=yes
ac_cv_header_sys_timeb_h=yes
ac_cv_header_sys_types_h=yes
ac_cv_header_time=yes
ac_cv_header_unistd_h=yes
ac_cv_header_xlocale_h=yes
ac_cv_header_zlib_h=no
ac_cv_host=i686-pc-linux-gnu
ac_cv_objext=o
ac_cv_path_EGREP='/bin/grep -E'
ac_cv_path_GREP=/bin/grep
ac_cv_path_install='/usr/bin/install -c'
ac_cv_path_mkdir=/bin/mkdir
ac_cv_prog_AWK=mawk
ac_cv_prog_CPP='gcc -E'
ac_cv_prog_ac_ct_CC=gcc
ac_cv_prog_ac_ct_CXX=g++
ac_cv_prog_ac_ct_RANLIB=ranlib
ac_cv_prog_cc_c89=
ac_cv_prog_cc_g=yes
ac_cv_prog_cc_gcc_c_o=yes
ac_cv_prog_cxx_g=yes
ac_cv_prog_make_make_set=yes
ac_cv_struct_tm=time.h
ac_cv_type_signal=void
ac_cv_type_size_t=yes
am_cv_CC_dependencies_compiler_type=gcc3
am_cv_CXX_dependencies_compiler_type=gcc3

## ----------------- ##
## Output variables. ##
## ----------------- ##

ACLOCAL='${SHELL} /home/eternus/gsoap-2.8/missing --run aclocal-1.10'
AMDEPBACKSLASH='\'
AMDEP_FALSE='#'
AMDEP_TRUE=''
AMTAR='${SHELL} /home/eternus/gsoap-2.8/missing --run tar'
AUTOCONF='${SHELL} /home/eternus/gsoap-2.8/missing --run autoconf'
AUTOHEADER='${SHELL} /home/eternus/gsoap-2.8/missing --run autoheader'
AUTOMAKE='${SHELL} /home/eternus/gsoap-2.8/missing --run automake-1.10'
AWK='mawk'
BISON_DEFINE='-DWITH_YACC'
CC='gcc'
CCDEPMODE='depmode=gcc3'
CFLAGS='-g -O2'
CPP='gcc -E'
CPPFLAGS=''
CXX='g++'
CXXDEPMODE='depmode=gcc3'
CXXFLAGS='-g -O2'
CYGPATH_W='echo'
DEBUG_COMPILE_FALSE=''
DEBUG_COMPILE_TRUE='#'
DEFS='-DHAVE_CONFIG_H'
DEPDIR='.deps'
ECHO_C=''
ECHO_N='-n'
ECHO_T=''
EGREP='/bin/grep -E'
ENABLE_SAMPLES=''
ENABLE_SAMPLES_FALSE=''
ENABLE_SAMPLES_TRUE='#'
EXEEXT=''
GREP='/bin/grep'
INSTALL_DATA='${INSTALL} -m 644'
INSTALL_PROGRAM='${INSTALL}'
INSTALL_SCRIPT='${INSTALL}'
INSTALL_STRIP_PROGRAM='$(install_sh) -c -s'
LDFLAGS=''
LEX='${SHELL} /home/eternus/gsoap-2.8/missing --run flex'
LEXLIB=''
LEX_DEFINE='-DWITH_LEX'
LEX_FLAGS=''
LEX_OUTPUT_ROOT=''
LIBOBJS=' ${LIBOBJDIR}mktime$U.o'
LIBS=''
LN_S='ln -s'
LTLIBOBJS=' ${LIBOBJDIR}mktime$U.lo'
MAKEINFO='${SHELL} /home/eternus/gsoap-2.8/missing --run makeinfo'
OBJEXT='o'
PACKAGE='gsoap'
PACKAGE_BUGREPORT=''
PACKAGE_NAME='gsoap'
PACKAGE_STRING='gsoap 2.8'
PACKAGE_TARNAME='gsoap'
PACKAGE_VERSION='2.8'
PATH_SEPARATOR=':'
RANLIB='ranlib'
SAMPLE_DIRS=''
SAMPLE_EXTRA_LIBS=''
SAMPLE_SSL_LIBS='-lssl -lcrypto -lz'
SET_MAKE=''
SHELL='/bin/bash'
SOAPCPP2_DEBUG=''
SOAPCPP2_IMPORTPATH='-DSOAPCPP_IMPORT_PATH="\"${datarootdir}/gsoap/import\""'
SOAPCPP2_IPV6=''
SOAPCPP2_NONAMESPACES=''
STRIP=''
VERSION='2.8'
WSDL2H_EXTRA_FLAGS='-DWITH_OPENSSL -DWITH_GZIP'
WSDL2H_EXTRA_LIBS='-lssl -lcrypto -lz'
WSDL2H_IMPORTPATH='-DWSDL_IMPORT_PATH="\"${datarootdir}/gsoap/WS\""'
WSDL2H_SOAP_CPP_LIB='libgsoapssl++.a'
YACC='yacc'
YACC_LIB='-ly'
YFLAGS=''
ac_ct_CC='gcc'
ac_ct_CXX='g++'
am__fastdepCC_FALSE='#'
am__fastdepCC_TRUE=''
am__fastdepCXX_FALSE='#'
am__fastdepCXX_TRUE=''
am__include='include'
am__isrc=''
am__leading_dot='.'
am__quote=''
am__tar='${AMTAR} chof - "$$tardir"'
am__untar='${AMTAR} xf -'
bindir='${exec_prefix}/bin'
build='i686-pc-linux-gnu'
build_alias=''
build_cpu='i686'
build_os='linux-gnu'
build_vendor='pc'
datadir='${datarootdir}'
datarootdir='${prefix}/share'
docdir='${datarootdir}/doc/${PACKAGE_TARNAME}'
dvidir='${docdir}'
exec_prefix='${prefix}'
host='i686-pc-linux-gnu'
host_alias=''
host_cpu='i686'
host_os='linux-gnu'
host_vendor='pc'
htmldir='${docdir}'
includedir='${prefix}/include'
infodir='${datarootdir}/info'
install_sh='$(SHELL) /home/eternus/gsoap-2.8/install-sh'
libdir='${exec_prefix}/lib'
libexecdir='${exec_prefix}/libexec'
localedir='${datarootdir}/locale'
localstatedir='${prefix}/var'
mandir='${datarootdir}/man'
mkdir_p='/bin/mkdir -p'
oldincludedir='/usr/include'
pdfdir='${docdir}'
platform='LINUX'
prefix='/usr/local'
program_transform_name='s,x,x,'
psdir='${docdir}'
sbindir='${exec_prefix}/sbin'
sharedstatedir='${prefix}/com'
sysconfdir='${prefix}/etc'
target_alias=''

## ----------- ##
## confdefs.h. ##
## ----------- ##

#define PACKAGE_NAME "gsoap"
#define PACKAGE_TARNAME "gsoap"
#define PACKAGE_VERSION "2.8"
#define PACKAGE_STRING "gsoap 2.8"
#define PACKAGE_BUGREPORT ""
#define PACKAGE "gsoap"
#define VERSION "2.8"
#define STDC_HEADERS 1
#define HAVE_SYS_TYPES_H 1
#define HAVE_SYS_STAT_H 1
#define HAVE_STDLIB_H 1
#define HAVE_STRING_H 1
#define HAVE_MEMORY_H 1
#define HAVE_STRINGS_H 1
#define HAVE_INTTYPES_H 1
#define HAVE_STDINT_H 1
#define HAVE_UNISTD_H 1
#define HAVE_ARPA_INET_H 1
#define HAVE_XLOCALE_H 1
#define HAVE_ERRNO_H 1
#define HAVE_FCNTL_H 1
#define HAVE_LIMITS_H 1
#define HAVE_NETDB_H 1
#define HAVE_NETINET_IN_H 1
#define HAVE_STDLIB_H 1
#define HAVE_STRING_H 1
#define HAVE_STRINGS_H 1
#define HAVE_STDINT_H 1
#define HAVE_SYS_SOCKET_H 1
#define HAVE_SYS_TYPES_H 1
#define HAVE_SYS_TIME_H 1
#define HAVE_SYS_TIMEB_H 1
#define HAVE_UNISTD_H 1
#define HAVE_POLL_H 1
#define TIME_WITH_SYS_TIME 1
#define HAVE_SYS_TIME_H 1
#define HAVE_UNISTD_H 1
#define HAVE_ALARM 1
#define RETSIGTYPE void
#define HAVE_STRFTIME 1
#define HAVE_RANDOM 1
#define HAVE_GETTIMEOFDAY 1
#define HAVE_FTIME 1
#define HAVE_LOCALTIME_R 1
#define HAVE_TIMEGM 1
#define HAVE_GMTIME 1
#define HAVE_GMTIME_R 1
#define HAVE_MEMSET 1
#define HAVE_SELECT 1
#define HAVE_SOCKET 1
#define HAVE_SNPRINTF 1
#define HAVE_STRCHR 1
#define HAVE_STRERROR 1
#define HAVE_STRERROR_R 1
#define HAVE_STRRCHR 1
#define HAVE_STRSTR 1
#define HAVE_STRTOL 1
#define HAVE_STRTOUL 1
#define HAVE_STRTOLL 1
#define HAVE_STRTOULL 1
#define HAVE_STRTOLD 1
#define HAVE_STRTOD 1
#define HAVE_STRTOF 1
#define HAVE_STRTOLD_L 1
#define HAVE_STRTOD_L 1
#define HAVE_STRTOF_L 1
#define HAVE_SSCANF 1
#define HAVE_WCTOMB 1
#define HAVE_MBTOWC 1
#define HAVE_POLL 1
#define HAVE_ISNAN 1
#define HAVE_ISINF 1
#define HAVE_GETHOSTBYNAME_R 1
#define HAVE_STDLIB_H 1
#define HAVE_MALLOC 1

configure: exit 0
